This is pdfTeX, Version 3.14159265-2.6-1.40.15 (TeX Live 2014) (preloaded format=pdflatex 2016.11.18)  12 MAY 2017 17:17
entering extended mode
 restricted \write18 enabled.
 %&-line parsing enabled.
**uw-ethesis.tex
(./uw-ethesis.tex
LaTeX2e <2011/06/27>
Babel <3.9k> and hyphenation patterns for 77 languages loaded.
(/usr/share/texlive/texmf-dist/tex/latex/base/book.cls
Document Class: book 2007/10/19 v1.4h Standard LaTeX document class
(/usr/share/texlive/texmf-dist/tex/latex/base/bk12.clo
File: bk12.clo 2007/10/19 v1.4h Standard LaTeX file (size option)
)
\c@part=\count79
\c@chapter=\count80
\c@section=\count81
\c@subsection=\count82
\c@subsubsection=\count83
\c@paragraph=\count84
\c@subparagraph=\count85
\c@figure=\count86
\c@table=\count87
\abovecaptionskip=\skip41
\belowcaptionskip=\skip42
\bibindent=\dimen102
)
(/usr/share/texlive/texmf-dist/tex/latex/base/ifthen.sty
Package: ifthen 2001/05/26 v1.1c Standard LaTeX ifthen package (DPC)
)
(/usr/share/texlive/texmf-dist/tex/latex/amsmath/amsmath.sty
Package: amsmath 2013/01/14 v2.14 AMS math features
\@mathmargin=\skip43

For additional information on amsmath, use the `?' option.
(/usr/share/texlive/texmf-dist/tex/latex/amsmath/amstext.sty
Package: amstext 2000/06/29 v2.01

(/usr/share/texlive/texmf-dist/tex/latex/amsmath/amsgen.sty
File: amsgen.sty 1999/11/30 v2.0
\@emptytoks=\toks14
\ex@=\dimen103
))
(/usr/share/texlive/texmf-dist/tex/latex/amsmath/amsbsy.sty
Package: amsbsy 1999/11/29 v1.2d
\pmbraise@=\dimen104
)
(/usr/share/texlive/texmf-dist/tex/latex/amsmath/amsopn.sty
Package: amsopn 1999/12/14 v2.01 operator names
)
\inf@bad=\count88
LaTeX Info: Redefining \frac on input line 210.
\uproot@=\count89
\leftroot@=\count90
LaTeX Info: Redefining \overline on input line 306.
\classnum@=\count91
\DOTSCASE@=\count92
LaTeX Info: Redefining \ldots on input line 378.
LaTeX Info: Redefining \dots on input line 381.
LaTeX Info: Redefining \cdots on input line 466.
\Mathstrutbox@=\box26
\strutbox@=\box27
\big@size=\dimen105
LaTeX Font Info:    Redeclaring font encoding OML on input line 566.
LaTeX Font Info:    Redeclaring font encoding OMS on input line 567.
\macc@depth=\count93
\c@MaxMatrixCols=\count94
\dotsspace@=\muskip10
\c@parentequation=\count95
\dspbrk@lvl=\count96
\tag@help=\toks15
\row@=\count97
\column@=\count98
\maxfields@=\count99
\andhelp@=\toks16
\eqnshift@=\dimen106
\alignsep@=\dimen107
\tagshift@=\dimen108
\tagwidth@=\dimen109
\totwidth@=\dimen110
\lineht@=\dimen111
\@envbody=\toks17
\multlinegap=\skip44
\multlinetaggap=\skip45
\mathdisplay@stack=\toks18
LaTeX Info: Redefining \[ on input line 2665.
LaTeX Info: Redefining \] on input line 2666.
)
(/usr/share/texlive/texmf-dist/tex/latex/amsfonts/amssymb.sty
Package: amssymb 2013/01/14 v3.01 AMS font symbols

(/usr/share/texlive/texmf-dist/tex/latex/amsfonts/amsfonts.sty
Package: amsfonts 2013/01/14 v3.01 Basic AMSFonts support
\symAMSa=\mathgroup4
\symAMSb=\mathgroup5
LaTeX Font Info:    Overwriting math alphabet `\mathfrak' in version `bold'
(Font)                  U/euf/m/n --> U/euf/b/n on input line 106.
))
(/usr/share/texlive/texmf-dist/tex/latex/graphics/graphicx.sty
Package: graphicx 1999/02/16 v1.0f Enhanced LaTeX Graphics (DPC,SPQR)

(/usr/share/texlive/texmf-dist/tex/latex/graphics/keyval.sty
Package: keyval 1999/03/16 v1.13 key=value parser (DPC)
\KV@toks@=\toks19
)
(/usr/share/texlive/texmf-dist/tex/latex/graphics/graphics.sty
Package: graphics 2009/02/05 v1.0o Standard LaTeX Graphics (DPC,SPQR)

(/usr/share/texlive/texmf-dist/tex/latex/graphics/trig.sty
Package: trig 1999/03/16 v1.09 sin cos tan (DPC)
)
(/usr/share/texlive/texmf-dist/tex/latex/latexconfig/graphics.cfg
File: graphics.cfg 2010/04/23 v1.9 graphics configuration of TeX Live
)
Package graphics Info: Driver file: pdftex.def on input line 91.

(/usr/share/texlive/texmf-dist/tex/latex/pdftex-def/pdftex.def
File: pdftex.def 2011/05/27 v0.06d Graphics/color for pdfTeX

(/usr/share/texlive/texmf-dist/tex/generic/oberdiek/infwarerr.sty
Package: infwarerr 2010/04/08 v1.3 Providing info/warning/error messages (HO)
)
(/usr/share/texlive/texmf-dist/tex/generic/oberdiek/ltxcmds.sty
Package: ltxcmds 2011/11/09 v1.22 LaTeX kernel commands for general use (HO)
)
\Gread@gobject=\count100
))
\Gin@req@height=\dimen112
\Gin@req@width=\dimen113
)
(/usr/share/texlive/texmf-dist/tex/latex/float/float.sty
Package: float 2001/11/08 v1.3d Float enhancements (AL)
\c@float@type=\count101
\float@exts=\toks20
\float@box=\box28
\@float@everytoks=\toks21
\@floatcapt=\box29
)
(/usr/share/texlive/texmf-dist/tex/latex/mwe/mwe.sty
Package: mwe 2012/05/15 v0.3 Package to support minimal working examples (MWE)

(/usr/share/texlive/texmf-dist/tex/latex/lipsum/lipsum.sty
Package: lipsum 2011/04/14 v1.2 150 paragraphs of Lorem Ipsum dummy text
\c@lips@count=\count102
)
(/usr/share/texlive/texmf-dist/tex/latex/blindtext/blindtext.sty
Package: blindtext 2012/01/06 V2.0 blindtext-Package

(/usr/share/texlive/texmf-dist/tex/latex/tools/xspace.sty
Package: xspace 2009/10/20 v1.13 Space after command names (DPC,MH)
)
\c@blindtext=\count103
\c@Blindtext=\count104
\c@blind@countparstart=\count105
\blind@countxx=\count106
\blindtext@numBlindtext=\count107
\blind@countyy=\count108
\c@blindlist=\count109
\c@blindlistlevel=\count110
\c@blindlist@level=\count111
\blind@listitem=\count112
\c@blind@listcount=\count113
\c@blind@levelcount=\count114
\blind@mathformula=\count115
\blind@Mathformula=\count116
\c@blind@randomcount=\count117
\c@blind@randommax=\count118
\c@blind@pangramcount=\count119
\c@blind@pangrammax=\count120
))
(/usr/share/texlive/texmf-dist/tex/latex/subfig/subfig.sty
Package: subfig 2005/06/28 ver: 1.3 subfig package

(/usr/share/texlive/texmf-dist/tex/latex/caption/caption.sty
Package: caption 2013/05/02 v3.3-89 Customizing captions (AR)

(/usr/share/texlive/texmf-dist/tex/latex/caption/caption3.sty
Package: caption3 2013/05/02 v1.6-88 caption3 kernel (AR)
Package caption3 Info: TeX engine: e-TeX on input line 57.
\captionmargin=\dimen114
\captionmargin@=\dimen115
\captionwidth=\dimen116
\caption@tempdima=\dimen117
\caption@indent=\dimen118
\caption@parindent=\dimen119
\caption@hangindent=\dimen120
)
\c@ContinuedFloat=\count121
Package caption Info: float package is loaded.
)
\c@KVtest=\count122
\sf@farskip=\skip46
\sf@captopadj=\dimen121
\sf@capskip=\skip47
\sf@nearskip=\skip48
\c@subfigure=\count123
\c@subfigure@save=\count124
\c@lofdepth=\count125
\c@subtable=\count126
\c@subtable@save=\count127
\c@lotdepth=\count128
\sf@top=\skip49
\sf@bottom=\skip50
)
(/usr/share/texlive/texmf-dist/tex/latex/oberdiek/epstopdf.sty
Package: epstopdf 2010/02/09 v2.5 Conversion with epstopdf on the fly (HO)

(/usr/share/texlive/texmf-dist/tex/latex/oberdiek/epstopdf-base.sty
Package: epstopdf-base 2010/02/09 v2.5 Base part for package epstopdf

(/usr/share/texlive/texmf-dist/tex/latex/oberdiek/grfext.sty
Package: grfext 2010/08/19 v1.1 Manage graphics extensions (HO)

(/usr/share/texlive/texmf-dist/tex/generic/oberdiek/kvdefinekeys.sty
Package: kvdefinekeys 2011/04/07 v1.3 Define keys (HO)
))
(/usr/share/texlive/texmf-dist/tex/latex/oberdiek/kvoptions.sty
Package: kvoptions 2011/06/30 v3.11 Key value format for package options (HO)

(/usr/share/texlive/texmf-dist/tex/generic/oberdiek/kvsetkeys.sty
Package: kvsetkeys 2012/04/25 v1.16 Key value parser (HO)

(/usr/share/texlive/texmf-dist/tex/generic/oberdiek/etexcmds.sty
Package: etexcmds 2011/02/16 v1.5 Avoid name clashes with e-TeX commands (HO)

(/usr/share/texlive/texmf-dist/tex/generic/oberdiek/ifluatex.sty
Package: ifluatex 2010/03/01 v1.3 Provides the ifluatex switch (HO)
Package ifluatex Info: LuaTeX not detected.
)
Package etexcmds Info: Could not find \expanded.
(etexcmds)             That can mean that you are not using pdfTeX 1.50 or
(etexcmds)             that some package has redefined \expanded.
(etexcmds)             In the latter case, load this package earlier.
)))
(/usr/share/texlive/texmf-dist/tex/generic/oberdiek/pdftexcmds.sty
Package: pdftexcmds 2011/11/29 v0.20 Utility functions of pdfTeX for LuaTeX (HO
)

(/usr/share/texlive/texmf-dist/tex/generic/oberdiek/ifpdf.sty
Package: ifpdf 2011/01/30 v2.3 Provides the ifpdf switch (HO)
Package ifpdf Info: pdfTeX in PDF mode is detected.
)
Package pdftexcmds Info: LuaTeX not detected.
Package pdftexcmds Info: \pdf@primitive is available.
Package pdftexcmds Info: \pdf@ifprimitive is available.
Package pdftexcmds Info: \pdfdraftmode found.
)
Package grfext Info: Graphics extension search list:
(grfext)             [.pdf,.png,.jpg,.mps,.jpeg,.jbig2,.jb2,.PNG,.PDF,.JPG,.JPE
G,.JBIG2,.JB2,.eps]
(grfext)             \AppendGraphicsExtensions on input line 452.

(/usr/share/texlive/texmf-dist/tex/latex/latexconfig/epstopdf-sys.cfg
File: epstopdf-sys.cfg 2010/07/13 v1.3 Configuration of (r)epstopdf for TeX Liv
e
)))
(/usr/share/texlive/texmf-dist/tex/latex/multirow/multirow.sty
\bigstrutjot=\dimen122
)
(/usr/share/texlive/texmf-dist/tex/latex/natbib/natbib.sty
Package: natbib 2010/09/13 8.31b (PWD, AO)
\bibhang=\skip51
\bibsep=\skip52
LaTeX Info: Redefining \cite on input line 694.
\c@NAT@ctr=\count129
)
(/usr/share/texlive/texmf-dist/tex/latex/hyperref/hyperref.sty
Package: hyperref 2012/11/06 v6.83m Hypertext links for LaTeX

(/usr/share/texlive/texmf-dist/tex/generic/oberdiek/hobsub-hyperref.sty
Package: hobsub-hyperref 2012/05/28 v1.13 Bundle oberdiek, subset hyperref (HO)


(/usr/share/texlive/texmf-dist/tex/generic/oberdiek/hobsub-generic.sty
Package: hobsub-generic 2012/05/28 v1.13 Bundle oberdiek, subset generic (HO)
Package: hobsub 2012/05/28 v1.13 Construct package bundles (HO)
Package hobsub Info: Skipping package `infwarerr' (already loaded).
Package hobsub Info: Skipping package `ltxcmds' (already loaded).
Package hobsub Info: Skipping package `ifluatex' (already loaded).
Package: ifvtex 2010/03/01 v1.5 Detect VTeX and its facilities (HO)
Package ifvtex Info: VTeX not detected.
Package: intcalc 2007/09/27 v1.1 Expandable calculations with integers (HO)
Package hobsub Info: Skipping package `ifpdf' (already loaded).
Package hobsub Info: Skipping package `etexcmds' (already loaded).
Package hobsub Info: Skipping package `kvsetkeys' (already loaded).
Package hobsub Info: Skipping package `kvdefinekeys' (already loaded).
Package hobsub Info: Skipping package `pdftexcmds' (already loaded).
Package: pdfescape 2011/11/25 v1.13 Implements pdfTeX's escape features (HO)
Package: bigintcalc 2012/04/08 v1.3 Expandable calculations on big integers (HO
)
Package: bitset 2011/01/30 v1.1 Handle bit-vector datatype (HO)
Package: uniquecounter 2011/01/30 v1.2 Provide unlimited unique counter (HO)
)
Package hobsub Info: Skipping package `hobsub' (already loaded).
Package: letltxmacro 2010/09/02 v1.4 Let assignment for LaTeX macros (HO)
Package: hopatch 2012/05/28 v1.2 Wrapper for package hooks (HO)
Package: xcolor-patch 2011/01/30 xcolor patch
Package: atveryend 2011/06/30 v1.8 Hooks at the very end of document (HO)
Package atveryend Info: \enddocument detected (standard20110627).
Package: atbegshi 2011/10/05 v1.16 At begin shipout hook (HO)
Package: refcount 2011/10/16 v3.4 Data extraction from label references (HO)
Package: hycolor 2011/01/30 v1.7 Color options for hyperref/bookmark (HO)
)
(/usr/share/texlive/texmf-dist/tex/generic/ifxetex/ifxetex.sty
Package: ifxetex 2010/09/12 v0.6 Provides ifxetex conditional
)
(/usr/share/texlive/texmf-dist/tex/latex/oberdiek/auxhook.sty
Package: auxhook 2011/03/04 v1.3 Hooks for auxiliary files (HO)
)
\@linkdim=\dimen123
\Hy@linkcounter=\count130
\Hy@pagecounter=\count131

(/usr/share/texlive/texmf-dist/tex/latex/hyperref/pd1enc.def
File: pd1enc.def 2012/11/06 v6.83m Hyperref: PDFDocEncoding definition (HO)
)
\Hy@SavedSpaceFactor=\count132

(/usr/share/texlive/texmf-dist/tex/latex/latexconfig/hyperref.cfg
File: hyperref.cfg 2002/06/06 v1.2 hyperref configuration of TeXLive
)
Package hyperref Info: Option `final' set `true' on input line 4319.
Package hyperref Info: Option `breaklinks' set `true' on input line 4319.
Package hyperref Info: Hyper figures OFF on input line 4443.
Package hyperref Info: Link nesting OFF on input line 4448.
Package hyperref Info: Hyper index ON on input line 4451.
Package hyperref Info: Plain pages OFF on input line 4458.
Package hyperref Info: Backreferencing OFF on input line 4463.
Package hyperref Info: Implicit mode ON; LaTeX internals redefined.
Package hyperref Info: Bookmarks ON on input line 4688.
LaTeX Info: Redefining \href on input line 4952.
\c@Hy@tempcnt=\count133

(/usr/share/texlive/texmf-dist/tex/latex/url/url.sty
\Urlmuskip=\muskip11
Package: url 2013/09/16  ver 3.4  Verb mode for urls, etc.
)
LaTeX Info: Redefining \url on input line 5041.
\XeTeXLinkMargin=\dimen124
\Fld@menulength=\count134
\Field@Width=\dimen125
\Fld@charsize=\dimen126
Package hyperref Info: Hyper figures OFF on input line 6295.
Package hyperref Info: Link nesting OFF on input line 6300.
Package hyperref Info: Hyper index ON on input line 6303.
Package hyperref Info: backreferencing OFF on input line 6310.
Package hyperref Info: Link coloring OFF on input line 6315.
Package hyperref Info: Link coloring with OCG OFF on input line 6320.
Package hyperref Info: PDF/A mode OFF on input line 6325.
LaTeX Info: Redefining \ref on input line 6365.
LaTeX Info: Redefining \pageref on input line 6369.
\Hy@abspage=\count135
\c@Item=\count136
\c@Hfootnote=\count137
)

Package hyperref Message: Driver: hpdftex.

(/usr/share/texlive/texmf-dist/tex/latex/hyperref/hpdftex.def
File: hpdftex.def 2012/11/06 v6.83m Hyperref driver for pdfTeX
\Fld@listcount=\count138
\c@bookmark@seq@number=\count139

(/usr/share/texlive/texmf-dist/tex/latex/oberdiek/rerunfilecheck.sty
Package: rerunfilecheck 2011/04/15 v1.7 Rerun checks for auxiliary files (HO)
Package uniquecounter Info: New unique counter `rerunfilecheck' on input line 2
82.
)
\Hy@SectionHShift=\skip53
)
Package hyperref Info: Option `plainpages' set `false' on input line 122.
Package hyperref Info: Option `unicode' set `false' on input line 122.
Package hyperref Info: Option `pdftoolbar' set `true' on input line 122.
Package hyperref Info: Option `pdfmenubar' set `true' on input line 122.
Package hyperref Info: Option `pdffitwindow' set `false' on input line 122.
Package hyperref Info: Option `pdfnewwindow' set `true' on input line 122.
Package hyperref Info: Option `colorlinks' set `true' on input line 122.

(./uw-ethesis.aux

LaTeX Warning: Label `tab:rmse' multiply defined.


LaTeX Warning: Label `tab:sites' multiply defined.


LaTeX Warning: Label `tab:rmse' multiply defined.


LaTeX Warning: Label `tab:title' multiply defined.


LaTeX Warning: Label `eq:evap' multiply defined.

)
\openout1 = `uw-ethesis.aux'.

LaTeX Font Info:    Checking defaults for OML/cmm/m/it on input line 216.
LaTeX Font Info:    ... okay on input line 216.
LaTeX Font Info:    Checking defaults for T1/cmr/m/n on input line 216.
LaTeX Font Info:    ... okay on input line 216.
LaTeX Font Info:    Checking defaults for OT1/cmr/m/n on input line 216.
LaTeX Font Info:    ... okay on input line 216.
LaTeX Font Info:    Checking defaults for OMS/cmsy/m/n on input line 216.
LaTeX Font Info:    ... okay on input line 216.
LaTeX Font Info:    Checking defaults for OMX/cmex/m/n on input line 216.
LaTeX Font Info:    ... okay on input line 216.
LaTeX Font Info:    Checking defaults for U/cmr/m/n on input line 216.
LaTeX Font Info:    ... okay on input line 216.
LaTeX Font Info:    Checking defaults for PD1/pdf/m/n on input line 216.
LaTeX Font Info:    ... okay on input line 216.
 (/usr/share/texlive/texmf-dist/tex/context/base/supp-pdf.mkii
[Loading MPS to PDF converter (version 2006.09.02).]
\scratchcounter=\count140
\scratchdimen=\dimen127
\scratchbox=\box30
\nofMPsegments=\count141
\nofMParguments=\count142
\everyMPshowfont=\toks22
\MPscratchCnt=\count143
\MPscratchDim=\dimen128
\MPnumerator=\count144
\makeMPintoPDFobject=\count145
\everyMPtoPDFconversion=\toks23
)
Package caption Info: Begin \AtBeginDocument code.
Package caption Info: subfig package v1.3 is loaded.
Package caption Info: hyperref package is loaded.
Package caption Info: End \AtBeginDocument code.
\AtBeginShipoutBox=\box31
 (/usr/share/texlive/texmf-dist/tex/latex/graphics/color.sty
Package: color 2005/11/14 v1.0j Standard LaTeX Color (DPC)

(/usr/share/texlive/texmf-dist/tex/latex/latexconfig/color.cfg
File: color.cfg 2007/01/18 v1.5 color configuration of teTeX/TeXLive
)
Package color Info: Driver file: pdftex.def on input line 130.
)
Package hyperref Info: Link coloring ON on input line 216.

(/usr/share/texlive/texmf-dist/tex/latex/hyperref/nameref.sty
Package: nameref 2012/10/27 v2.43 Cross-referencing by name of section

(/usr/share/texlive/texmf-dist/tex/generic/oberdiek/gettitlestring.sty
Package: gettitlestring 2010/12/03 v1.4 Cleanup title references (HO)
)
\c@section@level=\count146
)
LaTeX Info: Redefining \ref on input line 216.
LaTeX Info: Redefining \pageref on input line 216.
LaTeX Info: Redefining \nameref on input line 216.

(./uw-ethesis.out) (./uw-ethesis.out)
\@outlinefile=\write3
\openout3 = `uw-ethesis.out'.

 (./uw-ethesis-frontpgs.tex
LaTeX Font Info:    Try loading font information for OMS+cmr on input line 45.

(/usr/share/texlive/texmf-dist/tex/latex/base/omscmr.fd
File: omscmr.fd 1999/05/25 v2.5h Standard LaTeX font definitions
)
LaTeX Font Info:    Font shape `OMS/cmr/m/n' in size <12> not available
(Font)              Font shape `OMS/cmsy/m/n' tried instead on input line 45.
 [1



{/usr/share/texlive/texmf-dist/fonts/map/pdftex/updmap/pdftex.map}] [2]pdfTeX w
arning (ext4): destination with the same identifier (name{page.ii}) has been al
ready used, duplicate ignored
<to be read again> 
                   \relax 
l.70 \cleardoublepage
                      [2


] [3


] [4


] [5


] (./uw-ethesis.toc
LaTeX Font Info:    Try loading font information for U+msa on input line 4.

(/usr/share/texlive/texmf-dist/tex/latex/amsfonts/umsa.fd
File: umsa.fd 2013/01/14 v3.01 AMS symbols A
)
LaTeX Font Info:    Try loading font information for U+msb on input line 4.

(/usr/share/texlive/texmf-dist/tex/latex/amsfonts/umsb.fd
File: umsb.fd 2013/01/14 v3.01 AMS symbols B
) [6




])
\tf@toc=\write4
\openout4 = `uw-ethesis.toc'.

 [7]
(./uw-ethesis.lot)
\tf@lot=\write5
\openout5 = `uw-ethesis.lot'.

 [8




] [9] (./uw-ethesis.lof [10




]
Overfull \hbox (27.5739pt too wide) in paragraph at lines 11--11
 [][] [][][]\OT1/cmr/m/n/12 ANN climo  500 hPa omega (sigma level 18) with com-
par-isons to a MERRA/ERAI 
 []


Overfull \hbox (1.54718pt too wide) in paragraph at lines 13--13
 \OT1/cmr/m/n/12 100 hPa with the pat-tern cor-re-la-tion be-tween $\OML/cmm/m/
it/12 M[]$ \OT1/cmr/m/n/12 and the pressure-thickness 
 []

[11] [12] [13])
\tf@lof=\write6
\openout6 = `uw-ethesis.lof'.

 [14])
Chapter 1.
[1






] [2] [3] [4]
Underfull \hbox (badness 10000) in paragraph at lines 287--292

 []

<../figures/cumuli_photos.jpg, id=533, 702.625pt x 594.22pt>
File: ../figures/cumuli_photos.jpg Graphic file (type jpg)

<use ../figures/cumuli_photos.jpg>
Package pdftex.def Info: ../figures/cumuli_photos.jpg used on input line 308.
(pdftex.def)             Requested size: 368.57838pt x 311.7163pt.

Underfull \hbox (badness 10000) in paragraph at lines 298--311

 []


Underfull \hbox (badness 10000) in paragraph at lines 298--311

 []

[5] [6 <../figures/cumuli_photos.jpg>] [7]
Underfull \hbox (badness 10000) in paragraph at lines 331--337

 []


Underfull \hbox (badness 10000) in paragraph at lines 339--344

 []

[8] [9]
Underfull \hbox (badness 10000) in paragraph at lines 377--382

 []


Underfull \hbox (badness 10000) in paragraph at lines 386--393

 []


Underfull \hbox (badness 10000) in paragraph at lines 386--393

 []

[10]
Underfull \hbox (badness 10000) in paragraph at lines 403--408

 []

[11]
Underfull \hbox (badness 10000) in paragraph at lines 413--420

 []


Underfull \hbox (badness 10000) in paragraph at lines 413--420

 []


Underfull \hbox (badness 10000) in paragraph at lines 426--430

 []

[12] <../figures/fig1.png, id=638, 463.7325pt x 261.22594pt>
File: ../figures/fig1.png Graphic file (type png)

<use ../figures/fig1.png>
Package pdftex.def Info: ../figures/fig1.png used on input line 439.
(pdftex.def)             Requested size: 460.72124pt x 259.53522pt.
 [13 <../figures/fig1.png>] [14] [15] [16]
Missing character: There is no ‚ in font cmr12!
Missing character: There is no Ä in font cmr12!
Missing character: There is no ô in font cmr12!
 [17]
[18]
Chapter 2.

Overfull \hbox (8.63164pt too wide) in paragraph at lines 487--488
\OT1/cmr/m/n/12 ([][]$\OT1/cmtt/m/n/12 http : / / www . cesm . ucar . edu / mod
els / ccsm4 . 0 / cam / docs / description / cam4 _ desc . pdf$[][]\OT1/cmr/m/n
/12 ).
 []

[19


] [20] [21] [22]
<../figures/amp-crop.pdf, id=896, 488.82625pt x 536.0025pt>
File: ../figures/amp-crop.pdf Graphic file (type pdf)

<use ../figures/amp-crop.pdf>
Package pdftex.def Info: ../figures/amp-crop.pdf used on input line 558.
(pdftex.def)             Requested size: 368.57838pt x 404.15189pt.
 [23] [24] [25 <../figures/amp-crop.pdf>] [26]

LaTeX Font Warning: Font shape `OT1/cmr/m/n' in size <15> not available
(Font)              size <14.4> substituted on input line 596.

LaTeX Font Info:    Calculating math sizes for size <15> on input line 596.

LaTeX Font Warning: Font shape `OT1/cmr/m/n' in size <10.49995> not available
(Font)              size <10.95> substituted on input line 596.


LaTeX Font Warning: Font shape `OT1/cmr/m/n' in size <7.5> not available
(Font)              size <7> substituted on input line 596.


LaTeX Font Warning: Font shape `OML/cmm/m/it' in size <15> not available
(Font)              size <14.4> substituted on input line 596.


LaTeX Font Warning: Font shape `OML/cmm/m/it' in size <10.49995> not available
(Font)              size <10.95> substituted on input line 596.


LaTeX Font Warning: Font shape `OML/cmm/m/it' in size <7.5> not available
(Font)              size <7> substituted on input line 596.


LaTeX Font Warning: Font shape `OMS/cmsy/m/n' in size <15> not available
(Font)              size <14.4> substituted on input line 596.


LaTeX Font Warning: Font shape `OMS/cmsy/m/n' in size <10.49995> not available
(Font)              size <10.95> substituted on input line 596.


LaTeX Font Warning: Font shape `OMS/cmsy/m/n' in size <7.5> not available
(Font)              size <7> substituted on input line 596.


LaTeX Font Warning: Font shape `OT1/cmr/bx/n' in size <15> not available
(Font)              size <14.4> substituted on input line 596.


LaTeX Font Warning: Font shape `OT1/cmr/bx/n' in size <10.49995> not available
(Font)              size <10.95> substituted on input line 596.


LaTeX Font Warning: Font shape `OT1/cmr/bx/n' in size <7.5> not available
(Font)              size <7> substituted on input line 596.

[27]
Missing character: There is no √ in font cmr12!
Missing character: There is no ° in font cmr12!
 [28]
Chapter 3.
[29


] <../figures/stations.pdf, id=961, 209.78375pt x 723.70375pt>
File: ../figures/stations.pdf Graphic file (type pdf)

<use ../figures/stations.pdf>
Package pdftex.def Info: ../figures/stations.pdf used on input line 648.
(pdftex.def)             Requested size: 138.21777pt x 476.81773pt.

Overfull \hbox (16.0965pt too wide) in paragraph at lines 648--649
 [] 
 []

[30] [31 <../figures/stations.pdf>]
Chapter 4.
[32


] <../figures/T_figure-crop.pdf, id=997, 513.92pt x 530.98375pt>
File: ../figures/T_figure-crop.pdf Graphic file (type pdf)

<use ../figures/T_figure-crop.pdf>
Package pdftex.def Info: ../figures/T_figure-crop.pdf used on input line 671.
(pdftex.def)             Requested size: 460.72124pt x 476.02556pt.

Overfull \hbox (4.5041pt too wide) in paragraph at lines 678--694
[][]
 []

[33]
Overfull \vbox (10.02554pt too high) has occurred while \output is active []


[34 <../figures/T_figure-crop.pdf>] [35]
Overfull \hbox (3.10034pt too wide) in paragraph at lines 706--706
[]\OT1/cmr/m/n/12 TRMM| 
 []


Overfull \hbox (1.23586pt too wide) in paragraph at lines 706--706
[]\OT1/cmr/m/n/12 ERAI| 
 []


Overfull \hbox (2.18433pt too wide) in paragraph at lines 706--706
[]\OT1/cmr/m/n/12 MERRA| 
 []


Overfull \hbox (2.22623pt too wide) in paragraph at lines 716--716
[][]| 
 []


Overfull \hbox (10.81319pt too wide) in paragraph at lines 702--724
[][]
 []

<../figures/ANN_pr.pdf, id=1051, 545.03625pt x 496.85625pt>
File: ../figures/ANN_pr.pdf Graphic file (type pdf)

<use ../figures/ANN_pr.pdf>
Package pdftex.def Info: ../figures/ANN_pr.pdf used on input line 727.
(pdftex.def)             Requested size: 404.32683pt x 368.57838pt.
 [36]
Overfull \vbox (4.07837pt too high) has occurred while \output is active []


[37 <../figures/ANN_pr.pdf>] [38]
<../figures/ANN_omega500.pdf, id=1080, 524.96124pt x 609.27625pt>
File: ../figures/ANN_omega500.pdf Graphic file (type pdf)

<use ../figures/ANN_omega500.pdf>
Package pdftex.def Info: ../figures/ANN_omega500.pdf used on input line 787.
(pdftex.def)             Requested size: 368.57838pt x 427.792pt.
 [39]
<../figures/200hpachistar_ANN.pdf, id=1089, 448.67625pt x 605.26125pt>
File: ../figures/200hpachistar_ANN.pdf Graphic file (type pdf)

<use ../figures/200hpachistar_ANN.pdf>
Package pdftex.def Info: ../figures/200hpachistar_ANN.pdf used on input line 79
5.
(pdftex.def)             Requested size: 304.0777pt x 410.21457pt.
 [40 <../figures/ANN_omega500.pdf>]
<../figures/ANN_M_omega.pdf, id=1105, 433.62pt x 639.38875pt>
File: ../figures/ANN_M_omega.pdf Graphic file (type pdf)

<use ../figures/ANN_M_omega.pdf>
Package pdftex.def Info: ../figures/ANN_M_omega.pdf used on input line 801.
(pdftex.def)             Requested size: 312.45097pt x 460.72124pt.
 [41 <../figures/200hpachistar_ANN.pdf>]
[42 <../figures/ANN_M_omega.pdf>] [43]
Overfull \hbox (1.94427pt too wide) in paragraph at lines 826--826
[]$\OML/cmm/m/it/12 ^^N[]=q[]$| 
 []


Overfull \hbox (4.5041pt too wide) in paragraph at lines 822--839
 [] 
 []

<../figures/Rplots.pdf, id=1147, 505.89pt x 505.89pt>
File: ../figures/Rplots.pdf Graphic file (type pdf)

<use ../figures/Rplots.pdf>
Package pdftex.def Info: ../figures/Rplots.pdf used on input line 843.
(pdftex.def)             Requested size: 368.58644pt x 368.57838pt.
 [44]
<../figures/ANN_pr_response.pdf, id=1154, 524.96124pt x 594.22pt>
File: ../figures/ANN_pr_response.pdf Graphic file (type pdf)

<use ../figures/ANN_pr_response.pdf>
Package pdftex.def Info: ../figures/ANN_pr_response.pdf used on input line 850.

(pdftex.def)             Requested size: 414.6463pt x 469.36519pt.

Overfull \hbox (8.64395pt too wide) in paragraph at lines 850--851
 [] 
 []

[45 <../figures/Rplots.pdf>]
Overfull \vbox (6.64629pt too high) has occurred while \output is active []


[46 <../figures/ANN_pr_response.pdf>] [47] [48]
<../figures/ANN_M_omega_response.pdf, id=1216, 433.62pt x 639.38875pt>
File: ../figures/ANN_M_omega_response.pdf Graphic file (type pdf)

<use ../figures/ANN_M_omega_response.pdf>
Package pdftex.def Info: ../figures/ANN_M_omega_response.pdf used on input line
 866.
(pdftex.def)             Requested size: 345.54092pt x 509.54092pt.

Overfull \hbox (48.81969pt too wide) in paragraph at lines 866--867
 [] 
 []

<../figures/FMASS_ANN-crop.pdf, id=1219, 543.02875pt x 534.99875pt>
File: ../figures/FMASS_ANN-crop.pdf Graphic file (type pdf)

<use ../figures/FMASS_ANN-crop.pdf>
Package pdftex.def Info: ../figures/FMASS_ANN-crop.pdf used on input line 872.
(pdftex.def)             Requested size: 460.72124pt x 453.92657pt.
 [49 <../figures/ANN_M_omega_response.pdf>]
Overfull \vbox (31.42656pt too high) has occurred while \output is active []


[50 <../figures/FMASS_ANN-crop.pdf>]
<../figures/M_profile-crop.pdf, id=1247, 541.02126pt x 233.87375pt>
File: ../figures/M_profile-crop.pdf Graphic file (type pdf)

<use ../figures/M_profile-crop.pdf>
Package pdftex.def Info: ../figures/M_profile-crop.pdf used on input line 879.
(pdftex.def)             Requested size: 506.79616pt x 219.08478pt.

Overfull \hbox (46.07492pt too wide) in paragraph at lines 879--880
 [] 
 []

<../figures/M_profile_updown-crop.pdf, id=1250, 542.025pt x 701.62125pt>
File: ../figures/M_profile_updown-crop.pdf Graphic file (type pdf)

<use ../figures/M_profile_updown-crop.pdf>
Package pdftex.def Info: ../figures/M_profile_updown-crop.pdf used on input lin
e 886.
(pdftex.def)             Requested size: 256.27357pt x 331.71985pt.
 [51 <../figures/M_profile-crop.pdf>] [52] [53 <../figures/M_profile_updown-cro
p.pdf>]
<../figures/pe_scat-crop.pdf, id=1277, 544.0325pt x 558.085pt>
File: ../figures/pe_scat-crop.pdf Graphic file (type pdf)

<use ../figures/pe_scat-crop.pdf>
Package pdftex.def Info: ../figures/pe_scat-crop.pdf used on input line 902.
(pdftex.def)             Requested size: 460.72124pt x 472.64581pt.
 [54]
Overfull \vbox (21.1458pt too high) has occurred while \output is active []


[55 <../figures/pe_scat-crop.pdf>]
Underfull \hbox (badness 1147) in paragraph at lines 913--913
[]\OT1/cmr/m/n/12 Table 4.5: |Frac-tional re-sponse of var-i-ous Walker cir-cu-
la-tion strength met-rics for
 []


Underfull \hbox (badness 2401) in paragraph at lines 913--913
\OT1/cmr/m/n/12 the CAM4/CAM4-IF mod-els and for AMIP4K mod-els which data is a
vail-able.
 []


Overfull \hbox (5.08188pt too wide) in paragraph at lines 918--918
[]$\OML/cmm/m/it/12 ^^N\OT1/cmr/m/n/12 ([])\OML/cmm/m/it/12 =\OT1/cmr/m/n/12 (\
OML/cmm/m/it/12 ![]\OT1/cmr/m/n/12 )[]$| 
 []


Overfull \hbox (11.84369pt too wide) in paragraph at lines 916--938
 [] 
 []

[56]
Overfull \vbox (20.31435pt too high) has occurred while \output is active []


[57]
<../figures/200hpachistar_response_ANN.pdf, id=1303, 543.02875pt x 545.03625pt>
File: ../figures/200hpachistar_response_ANN.pdf Graphic file (type pdf)
<use ../figures/200hpachistar_response_ANN.pdf>
Package pdftex.def Info: ../figures/200hpachistar_response_ANN.pdf used on inpu
t line 945.
(pdftex.def)             Requested size: 368.57838pt x 369.95442pt.

<../figures/T_profile_response-crop.pdf, id=1304, 542.025pt x 579.16376pt>
File: ../figures/T_profile_response-crop.pdf Graphic file (type pdf)

<use ../figures/T_profile_response-crop.pdf>
Package pdftex.def Info: ../figures/T_profile_response-crop.pdf used on input l
ine 952.
(pdftex.def)             Requested size: 388.05771pt x 414.6463pt.
 [58 <../figures/200hpachistar_response_ANN.pdf>]
Overfull \vbox (21.14629pt too high) has occurred while \output is active []


[59 <../figures/T_profile_response-crop.pdf>]
<../figures/Q_response_decomp-crop.pdf, id=1327, 542.025pt x 653.44125pt>
File: ../figures/Q_response_decomp-crop.pdf Graphic file (type pdf)

<use ../figures/Q_response_decomp-crop.pdf>
Package pdftex.def Info: ../figures/Q_response_decomp-crop.pdf used on input li
ne 958.
(pdftex.def)             Requested size: 382.16075pt x 460.72124pt.

<../figures/wp_profiles_response-crop.pdf, id=1328, 433.62pt x 721.69624pt>
File: ../figures/wp_profiles_response-crop.pdf Graphic file (type pdf)

<use ../figures/wp_profiles_response-crop.pdf>
Package pdftex.def Info: ../figures/wp_profiles_response-crop.pdf used on input
 line 965.
(pdftex.def)             Requested size: 276.8145pt x 460.72124pt.
 [60 <../figures/Q_response_decomp-crop.pdf>] [61 <../figures/wp_profiles_respo
nse-crop.pdf>] [62]
<../figures/mpq_scat-crop.pdf, id=1365, 543.02875pt x 225.84375pt>
File: ../figures/mpq_scat-crop.pdf Graphic file (type pdf)

<use ../figures/mpq_scat-crop.pdf>
Package pdftex.def Info: ../figures/mpq_scat-crop.pdf used on input line 987.
(pdftex.def)             Requested size: 460.72124pt x 191.62003pt.
 [63 <../figures/mpq_scat-crop.pdf>]

Package natbib Warning: Citation `market_precipitation_2003' on page 64 undefin
ed on input line 995.


Package natbib Warning: Citation `sherwood_spread_2014' on page 64 undefined on
 input line 995.

<../figures/test_RH-crop.pdf, id=1378, 542.025pt x 211.79124pt>
File: ../figures/test_RH-crop.pdf Graphic file (type pdf)

<use ../figures/test_RH-crop.pdf>
Package pdftex.def Info: ../figures/test_RH-crop.pdf used on input line 998.
(pdftex.def)             Requested size: 460.72124pt x 180.02986pt.
 [64] [65 <../figures/test_RH-crop.pdf>]
Chapter 5.

Underfull \hbox (badness 10000) in paragraph at lines 1006--1008

 []

[66


]
Underfull \hbox (badness 10000) in paragraph at lines 1009--1017

 []

[67] (./uw-ethesis.bbl
Missing character: There is no ‚ in font cmti12!
Missing character: There is no Ä in font cmti12!
Missing character: There is no ú in font cmti12!
Missing character: There is no ‚ in font cmti12!
Missing character: There is no Ä in font cmti12!
Missing character: There is no ù in font cmti12!
 [68




]
Underfull \hbox (badness 10000) in paragraph at lines 99--105
\OT1/cmr/bx/n/12 URL: [][]$\OT1/cmtt/m/it/12 http : / / www . goes-[]r . gov / 
users / comet / tropical / textbook _ 2nd _
 []

[69]
Missing character: There is no √ in font cmr12!
Missing character: There is no ° in font cmr12!

Underfull \hbox (badness 10000) in paragraph at lines 270--274
\OT1/cmr/bx/n/12 URL: [][]$\OT1/cmtt/m/it/12 http : / / www . sparc-[]climate .
 org / data-[]center / data-[]access /
 []

Missing character: There is no ‚ in font cmr12!
Missing character: There is no Ä in font cmr12!
Missing character: There is no ô in font cmr12!
[70] [71]
Underfull \hbox (badness 2027) in paragraph at lines 452--459
[]\OT1/cmr/m/n/12 Seidel, D. J. and Ran-del, W. J.  \OT1/cmr/m/it/12 Re-cent wi
den-ing of the trop-i-cal belt: Ev-i-
 []

[72] [73])

Package natbib Warning: There were undefined citations.

Package atveryend Info: Empty hook `BeforeClearDocument' on input line 1061.
[74]
Package atveryend Info: Empty hook `AfterLastShipout' on input line 1061.
 (./uw-ethesis.aux)
Package atveryend Info: Executing hook `AtVeryEndDocument' on input line 1061.
Package atveryend Info: Executing hook `AtEndAfterFileList' on input line 1061.

Package rerunfilecheck Info: File `uw-ethesis.out' has not changed.
(rerunfilecheck)             Checksum: DA1BB14712E07ECAF365AE00A01A2E5A;2364.


LaTeX Font Warning: Size substitutions with differences
(Font)              up to 0.6pt have occurred.


LaTeX Warning: There were multiply-defined labels.

Package atveryend Info: Empty hook `AtVeryVeryEnd' on input line 1061.
 ) 
Here is how much of TeX's memory you used:
 8739 strings out of 493316
 134033 string characters out of 6140412
 359751 words of memory out of 5000000
 11758 multiletter control sequences out of 15000+600000
 19573 words of font info for 74 fonts, out of 8000000 for 9000
 953 hyphenation exceptions out of 8191
 44i,18n,42p,2238b,548s stack positions out of 5000i,500n,10000p,200000b,80000s
</usr/share/texlive/texmf-dist/fonts/type1/public/amsfonts/cm/cmbsy10.pfb></u
sr/share/texlive/texmf-dist/fonts/type1/public/amsfonts/cm/cmbx12.pfb></usr/sha
re/texlive/texmf-dist/fonts/type1/public/amsfonts/cm/cmbx8.pfb></usr/share/texl
ive/texmf-dist/fonts/type1/public/amsfonts/cm/cmex10.pfb></usr/share/texlive/te
xmf-dist/fonts/type1/public/amsfonts/cm/cmitt10.pfb></usr/share/texlive/texmf-d
ist/fonts/type1/public/amsfonts/cm/cmmi10.pfb></usr/share/texlive/texmf-dist/fo
nts/type1/public/amsfonts/cm/cmmi12.pfb></usr/share/texlive/texmf-dist/fonts/ty
pe1/public/amsfonts/cm/cmmi6.pfb></usr/share/texlive/texmf-dist/fonts/type1/pub
lic/amsfonts/cm/cmmi7.pfb></usr/share/texlive/texmf-dist/fonts/type1/public/ams
fonts/cm/cmmi8.pfb></usr/share/texlive/texmf-dist/fonts/type1/public/amsfonts/c
m/cmr10.pfb></usr/share/texlive/texmf-dist/fonts/type1/public/amsfonts/cm/cmr12
.pfb></usr/share/texlive/texmf-dist/fonts/type1/public/amsfonts/cm/cmr17.pfb></
usr/share/texlive/texmf-dist/fonts/type1/public/amsfonts/cm/cmr6.pfb></usr/shar
e/texlive/texmf-dist/fonts/type1/public/amsfonts/cm/cmr8.pfb></usr/share/texliv
e/texmf-dist/fonts/type1/public/amsfonts/cm/cmsy10.pfb></usr/share/texlive/texm
f-dist/fonts/type1/public/amsfonts/cm/cmsy6.pfb></usr/share/texlive/texmf-dist/
fonts/type1/public/amsfonts/cm/cmsy8.pfb></usr/share/texlive/texmf-dist/fonts/t
ype1/public/amsfonts/cm/cmti12.pfb></usr/share/texlive/texmf-dist/fonts/type1/p
ublic/amsfonts/cm/cmtt12.pfb>
Output written on uw-ethesis.pdf (89 pages, 9453444 bytes).
PDF statistics:
 1582 PDF objects out of 1728 (max. 8388607)
 1366 compressed objects within 14 object streams
 275 named destinations out of 1000 (max. 500000)
 391 words of extra memory for PDF output out of 10000 (max. 10000000)

