\BOOKMARK [0][-]{section*.2}{List of Tables}{}% 1
\BOOKMARK [0][-]{section*.4}{List of Figures}{}% 2
\BOOKMARK [0][-]{chapter.1}{Introduction}{}% 3
\BOOKMARK [1][-]{section.1.1}{Background}{chapter.1}% 4
\BOOKMARK [2][-]{subsection.1.1.1}{Tropical rainfall and the hydrologic cycle}{section.1.1}% 5
\BOOKMARK [2][-]{subsection.1.1.2}{Moist convection}{section.1.1}% 6
\BOOKMARK [2][-]{subsection.1.1.3}{Quasi-equilibrium theory}{section.1.1}% 7
\BOOKMARK [1][-]{section.1.2}{The Tropical Circulation}{chapter.1}% 8
\BOOKMARK [2][-]{subsection.1.2.1}{Background}{section.1.2}% 9
\BOOKMARK [2][-]{subsection.1.2.2}{Walker circulation}{section.1.2}% 10
\BOOKMARK [2][-]{subsection.1.2.3}{Hadley circulation}{section.1.2}% 11
\BOOKMARK [2][-]{subsection.1.2.4}{Response to climate change}{section.1.2}% 12
\BOOKMARK [0][-]{chapter.2}{Climate model simulations}{}% 13
\BOOKMARK [1][-]{section.2.1}{CAM4 AGCM}{chapter.2}% 14
\BOOKMARK [2][-]{subsection.2.1.1}{Zhang-Macfarlane Scheme}{section.2.1}% 15
\BOOKMARK [1][-]{section.2.2}{IF scheme}{chapter.2}% 16
\BOOKMARK [1][-]{section.2.3}{Experimental set-up}{chapter.2}% 17
\BOOKMARK [0][-]{chapter.3}{Results}{}% 18
\BOOKMARK [1][-]{section.3.1}{Control simulations}{chapter.3}% 19
\BOOKMARK [2][-]{subsection.3.1.1}{Precipitation}{section.3.1}% 20
\BOOKMARK [2][-]{subsection.3.1.2}{Temperature}{section.3.1}% 21
\BOOKMARK [2][-]{subsection.3.1.3}{Tropical Dynamics}{section.3.1}% 22
\BOOKMARK [1][-]{section.3.2}{Response to a uniform 4K SST warming}{chapter.3}% 23
\BOOKMARK [2][-]{subsection.3.2.1}{General overview}{section.3.2}% 24
\BOOKMARK [2][-]{subsection.3.2.2}{Convective mass flux}{section.3.2}% 25
\BOOKMARK [2][-]{subsection.3.2.3}{Response of the Walker Circulation}{section.3.2}% 26
\BOOKMARK [2][-]{subsection.3.2.4}{Precipitation efficiency}{section.3.2}% 27
\BOOKMARK [0][-]{chapter.4}{Conclusion}{}% 28
\BOOKMARK [1][-]{section.4.1}{Future work}{chapter.4}% 29
\BOOKMARK [0][-]{section*.32}{References}{}% 30
